<?xml version="1.0" encoding="UTF-8"?>
<!-- Generated by org.testng.reporters.JUnitReportReporter -->
<testsuite hostname="DESKTOP-LH1OVGR" failures="0" tests="23" name="gradebook.GradebookServiceTest" time="0.091" errors="0" timestamp="2026-06-10T09:13:18 BST" skipped="0">
  <testcase classname="gradebook.GradebookServiceTest" name="seedDataShouldCreateUniqueCourseCodes" time="0.000"/>
  <testcase classname="gradebook.GradebookServiceTest" name="addGradeShouldRejectUnknownStudent" time="0.005"/>
  <testcase classname="gradebook.GradebookServiceTest" name="getTopPerformingStudentShouldReturnHighestAverageStudent" time="0.021"/>
  <testcase classname="gradebook.GradebookServiceTest" name="getStudentsByCourseCodeShouldReturnMatchingStudents" time="0.003"/>
  <testcase classname="gradebook.GradebookServiceTest" name="addStudentShouldAddStudentAndCourseCode" time="0.002"/>
  <testcase classname="gradebook.GradebookServiceTest" name="addGradeShouldAddGradeToSubject" time="0.011"/>
  <testcase classname="gradebook.GradebookServiceTest" name="calculateSubjectAverageShouldReturnCorrectAverage" time="0.003"/>
  <testcase classname="gradebook.GradebookServiceTest" name="addCourseCodeShouldReturnFalseForDuplicateCourseCode" time="0.004"/>
  <testcase classname="gradebook.GradebookServiceTest" name="addGradeShouldRejectInvalidHighGrade" time="0.003"/>
  <testcase classname="gradebook.GradebookServiceTest" name="findStudentByIdShouldBeCaseInsensitive" time="0.003"/>
  <testcase classname="gradebook.GradebookServiceTest" name="processNextAssessmentStudentShouldReturnEmptyWhenQueueIsEmpty" time="0.001"/>
  <testcase classname="gradebook.GradebookServiceTest" name="addCourseCodeShouldAddNewCourseCode" time="0.007"/>
  <testcase classname="gradebook.GradebookServiceTest" name="seedDataShouldCreateFiveStudents" time="0.002"/>
  <testcase classname="gradebook.GradebookServiceTest" name="addStudentShouldRejectDuplicateStudentId" time="0.002"/>
  <testcase classname="gradebook.GradebookServiceTest" name="peekNextAssessmentStudentShouldReturnFirstStudentWithoutRemoving" time="0.003"/>
  <testcase classname="gradebook.GradebookServiceTest" name="recentActionsShouldTrackLatestActionFirst" time="0.002"/>
  <testcase classname="gradebook.GradebookServiceTest" name="addGradeShouldAllowMulipleGradesForSameSubject" time="0.002"/>
  <testcase classname="gradebook.GradebookServiceTest" name="studentsShouldBeSortedByLastName" time="0.003"/>
  <testcase classname="gradebook.GradebookServiceTest" name="undoMostRecentActionShouldRemoveLatestAction" time="0.001"/>
  <testcase classname="gradebook.GradebookServiceTest" name="removeStudentShouldReturnFalseWhenStudentDoesNotExist" time="0.004"/>
  <testcase classname="gradebook.GradebookServiceTest" name="processNextAssessmentStudentShouldUseFifoOrder" time="0.003"/>
  <testcase classname="gradebook.GradebookServiceTest" name="addToAssessmentQueueShouldQueueStudent" time="0.003"/>
  <testcase classname="gradebook.GradebookServiceTest" name="addGradeShouldRejectInvalidLowGrade" time="0.003"/>
</testsuite> <!-- gradebook.GradebookServiceTest -->
